TN:udp_client_connection_tests
SF:/home/dimonchik/Programs/C/p2p-chat/tests/udp_client_connection_query_tests/tests.c
FN:10,test_create_udp_broadcast_socket
FNDA:1,test_create_udp_broadcast_socket
FN:18,test_create_simple_tcp_socket
FNDA:1,test_create_simple_tcp_socket
FN:26,test_create_simple_udp_socket
FNDA:1,test_create_simple_udp_socket
FN:34,test_get_local_addr
FNDA:1,test_get_local_addr
FN:46,main
FNDA:1,main
DA:10,1
DA:13,1
DA:14,1
DA:15,1
DA:16,1
DA:18,1
DA:21,1
DA:22,1
DA:23,1
DA:24,1
DA:26,1
DA:29,1
DA:30,1
DA:31,1
DA:32,1
DA:34,1
DA:37,1
DA:39,1
DA:40,1
DA:42,1
DA:43,1
DA:44,1
DA:46,1
DA:48,1
DA:49,1
DA:50,1
DA:51,1
DA:52,1
end_of_record
TN:udp_client_connection_tests
SF:/home/dimonchik/Programs/C/p2p-chat/src/ssl_utils.c
FN:8,get_context
FNDA:0,get_context
FN:62,check_server_certificate_sign
FNDA:0,check_server_certificate_sign
FN:103,error
FNDA:0,error
DA:8,0
DA:13,0
DA:14,0
DA:16,0
DA:19,0
DA:20,0
DA:21,0
DA:23,0
DA:24,0
DA:27,0
DA:28,0
DA:29,0
DA:30,0
DA:31,0
DA:34,0
DA:35,0
DA:36,0
DA:37,0
DA:38,0
DA:41,0
DA:42,0
DA:43,0
DA:44,0
DA:45,0
DA:48,0
DA:49,0
DA:50,0
DA:51,0
DA:54,0
DA:55,0
DA:57,0
DA:62,0
DA:64,0
DA:65,0
DA:66,0
DA:67,0
DA:70,0
DA:71,0
DA:72,0
DA:73,0
DA:76,0
DA:77,0
DA:78,0
DA:79,0
DA:80,0
DA:83,0
DA:84,0
DA:85,0
DA:86,0
DA:87,0
DA:90,0
DA:91,0
DA:92,0
DA:93,0
DA:94,0
DA:95,0
DA:98,0
DA:99,0
DA:100,0
DA:103,0
DA:105,0
DA:106,0
DA:107,0
DA:108,0
DA:109,0
DA:110,0
DA:111,0
DA:112,0
DA:113,0
DA:114,0
DA:115,0
DA:116,0
DA:117,0
DA:118,0
DA:119,0
DA:120,0
DA:121,0
DA:122,0
DA:123,0
DA:124,0
DA:126,0
DA:127,0
DA:128,0
DA:130,0
DA:132,0
end_of_record
TN:udp_client_connection_tests
SF:/home/dimonchik/Programs/C/p2p-chat/src/connection_list.c
FN:10,create_client_list
FNDA:0,create_client_list
FN:19,print_list
FNDA:0,print_list
FN:37,add_new_connection
FNDA:0,add_new_connection
FN:59,add_new_secure_connection
FNDA:0,add_new_secure_connection
FN:82,get_client_info
FNDA:0,get_client_info
FN:99,remove_connection
FNDA:0,remove_connection
FN:126,free_connection_list
FNDA:0,free_connection_list
DA:10,0
DA:12,0
DA:13,0
DA:14,0
DA:15,0
DA:16,0
DA:19,0
DA:21,0
DA:22,0
DA:23,0
DA:24,0
DA:26,0
DA:27,0
DA:28,0
DA:29,0
DA:32,0
DA:34,0
DA:37,0
DA:39,0
DA:40,0
DA:42,0
DA:43,0
DA:44,0
DA:47,0
DA:48,0
DA:51,0
DA:52,0
DA:53,0
DA:54,0
DA:56,0
DA:59,0
DA:61,0
DA:62,0
DA:64,0
DA:65,0
DA:66,0
DA:69,0
DA:70,0
DA:73,0
DA:74,0
DA:75,0
DA:76,0
DA:77,0
DA:78,0
DA:79,0
DA:82,0
DA:84,0
DA:85,0
DA:87,0
DA:88,0
DA:89,0
DA:90,0
DA:92,0
DA:95,0
DA:99,0
DA:101,0
DA:102,0
DA:104,0
DA:105,0
DA:106,0
DA:107,0
DA:108,0
DA:110,0
DA:112,0
DA:113,0
DA:116,0
DA:117,0
DA:118,0
DA:119,0
DA:121,0
DA:122,0
DA:126,0
DA:128,0
DA:129,0
DA:131,0
DA:132,0
DA:133,0
DA:134,0
DA:137,0
DA:138,0
DA:140,0
DA:141,0
DA:142,0
DA:144,0
DA:147,0
DA:148,0
DA:150,0
DA:151,0
DA:152,0
DA:154,0
DA:155,0
DA:156,0
end_of_record
TN:udp_client_connection_tests
SF:/home/dimonchik/Programs/C/p2p-chat/src/udp_client_connection_query.c
FN:18,create_udb_broadcast_socket
FNDA:1,create_udb_broadcast_socket
FN:45,create_simple_udp_socket
FNDA:1,create_simple_udp_socket
FN:56,send_connection_query
FNDA:0,send_connection_query
FN:84,get_local_addr
FNDA:1,get_local_addr
FN:123,create_tcp_client_socket
FNDA:1,create_tcp_client_socket
FN:135,send_connection_response
FNDA:0,send_connection_response
FN:147,create_client_connection
FNDA:0,create_client_connection
FN:178,create_secure_connection
FNDA:0,create_secure_connection
DA:18,1
DA:21,1
DA:22,0
DA:23,0
DA:26,1
DA:27,1
DA:28,0
DA:29,0
DA:34,1
DA:35,1
DA:36,1
DA:37,0
DA:38,0
DA:41,1
DA:45,1
DA:48,1
DA:49,0
DA:50,0
DA:52,1
DA:56,0
DA:61,0
DA:62,0
DA:65,0
DA:66,0
DA:67,0
DA:68,0
DA:71,0
DA:72,0
DA:73,0
DA:74,0
DA:76,0
DA:77,0
DA:78,0
DA:80,0
DA:84,1
DA:89,1
DA:90,0
DA:91,0
DA:94,1
DA:95,1
DA:96,1
DA:97,1
DA:99,1
DA:100,0
DA:101,0
DA:105,1
DA:106,1
DA:107,1
DA:108,1
DA:110,1
DA:111,1
DA:112,1
DA:113,1
DA:114,1
DA:118,0
DA:119,0
DA:123,1
DA:126,1
DA:127,0
DA:128,0
DA:131,1
DA:135,0
DA:137,0
DA:138,0
DA:141,0
DA:142,0
DA:144,0
DA:147,0
DA:151,0
DA:153,0
DA:155,0
DA:156,0
DA:157,0
DA:158,0
DA:159,0
DA:160,0
DA:162,0
DA:163,0
DA:164,0
DA:165,0
DA:168,0
DA:169,0
DA:170,0
DA:173,0
DA:174,0
DA:178,0
DA:182,0
DA:186,0
DA:188,0
DA:189,0
DA:191,0
DA:192,0
DA:193,0
DA:194,0
DA:196,0
DA:197,0
DA:198,0
DA:199,0
DA:200,0
DA:201,0
DA:204,0
DA:205,0
DA:206,0
DA:208,0
DA:209,0
DA:210,0
DA:213,0
DA:214,0
DA:216,0
DA:217,0
DA:218,0
DA:221,0
DA:222,0
end_of_record
