TN:connection_list_tests
SF:/home/dimonchik/Programs/C/p2p-chat/src/ssl_utils.c
FN:8,get_context
FNDA:7,get_context
FN:62,check_server_certificate_sign
FNDA:0,check_server_certificate_sign
FN:103,error
FNDA:0,error
DA:8,7
DA:13,7
DA:14,7
DA:16,0
DA:19,7
DA:20,7
DA:21,7
DA:23,7
DA:24,0
DA:27,7
DA:28,7
DA:29,0
DA:30,0
DA:31,0
DA:34,7
DA:35,7
DA:36,0
DA:37,0
DA:38,0
DA:41,7
DA:42,7
DA:43,0
DA:44,0
DA:45,0
DA:48,7
DA:49,0
DA:50,0
DA:51,0
DA:54,7
DA:55,7
DA:57,7
DA:62,0
DA:64,0
DA:65,0
DA:66,0
DA:67,0
DA:70,0
DA:71,0
DA:72,0
DA:73,0
DA:76,0
DA:77,0
DA:78,0
DA:79,0
DA:80,0
DA:83,0
DA:84,0
DA:85,0
DA:86,0
DA:87,0
DA:90,0
DA:91,0
DA:92,0
DA:93,0
DA:94,0
DA:95,0
DA:98,0
DA:99,0
DA:100,0
DA:103,0
DA:105,0
DA:106,0
DA:107,0
DA:108,0
DA:109,0
DA:110,0
DA:111,0
DA:112,0
DA:113,0
DA:114,0
DA:115,0
DA:116,0
DA:117,0
DA:118,0
DA:119,0
DA:120,0
DA:121,0
DA:122,0
DA:123,0
DA:124,0
DA:126,0
DA:127,0
DA:128,0
DA:130,0
DA:132,0
end_of_record
TN:connection_list_tests
SF:/home/dimonchik/Programs/C/p2p-chat/src/connection_list.c
FN:10,create_client_list
FNDA:9,create_client_list
FN:19,print_list
FNDA:5,print_list
FN:37,add_new_connection
FNDA:5,add_new_connection
FN:59,add_new_secure_connection
FNDA:2,add_new_secure_connection
FN:82,get_client_info
FNDA:7,get_client_info
FN:99,remove_connection
FNDA:1,remove_connection
FN:126,free_connection_list
FNDA:9,free_connection_list
DA:10,9
DA:12,9
DA:13,9
DA:14,9
DA:15,9
DA:16,9
DA:19,5
DA:21,5
DA:22,15
DA:23,10
DA:24,5
DA:26,5
DA:27,5
DA:28,5
DA:29,5
DA:32,10
DA:34,5
DA:37,5
DA:39,5
DA:40,0
DA:42,5
DA:43,5
DA:44,0
DA:47,5
DA:48,0
DA:51,5
DA:52,5
DA:53,5
DA:54,5
DA:56,5
DA:59,2
DA:61,2
DA:62,0
DA:64,2
DA:65,2
DA:66,0
DA:69,2
DA:70,0
DA:73,2
DA:74,2
DA:75,2
DA:76,2
DA:77,2
DA:78,2
DA:79,2
DA:82,7
DA:84,7
DA:85,0
DA:87,7
DA:88,14
DA:89,10
DA:90,3
DA:92,7
DA:95,7
DA:99,1
DA:101,1
DA:102,0
DA:104,1
DA:105,1
DA:106,1
DA:107,1
DA:108,1
DA:110,0
DA:112,1
DA:113,1
DA:116,1
DA:117,1
DA:118,0
DA:119,0
DA:121,1
DA:122,1
DA:126,9
DA:128,9
DA:129,0
DA:131,9
DA:132,15
DA:133,6
DA:134,6
DA:137,6
DA:138,0
DA:140,6
DA:141,0
DA:142,0
DA:144,6
DA:147,9
DA:148,6
DA:150,9
DA:151,2
DA:152,2
DA:154,9
DA:155,9
DA:156,9
end_of_record
TN:connection_list_tests
SF:/home/dimonchik/Programs/C/p2p-chat/tests/connection_list_tests.c
FN:9,test_create_list
FNDA:1,test_create_list
FN:19,test_common_add_new_connection
FNDA:1,test_common_add_new_connection
FN:38,test_common_add_new_secure_connection
FNDA:1,test_common_add_new_secure_connection
FN:62,test_common_get_client_info
FNDA:1,test_common_get_client_info
FN:91,test_common_remove_connection
FNDA:1,test_common_remove_connection
FN:125,main
FNDA:1,main
DA:9,1
DA:11,1
DA:12,1
DA:13,1
DA:14,1
DA:15,1
DA:16,1
DA:17,1
DA:19,1
DA:21,1
DA:22,1
DA:24,1
DA:25,1
DA:27,1
DA:28,1
DA:29,1
DA:30,1
DA:31,1
DA:32,1
DA:33,1
DA:34,1
DA:35,1
DA:36,1
DA:38,1
DA:40,1
DA:41,1
DA:42,1
DA:43,1
DA:45,1
DA:46,1
DA:48,1
DA:49,1
DA:50,1
DA:51,1
DA:52,1
DA:53,1
DA:54,1
DA:55,1
DA:56,1
DA:57,1
DA:58,1
DA:59,1
DA:60,1
DA:62,1
DA:64,1
DA:65,1
DA:67,1
DA:68,1
DA:69,1
DA:72,1
DA:74,1
DA:75,1
DA:76,1
DA:77,1
DA:78,1
DA:79,1
DA:80,1
DA:82,1
DA:83,1
DA:84,1
DA:86,1
DA:87,1
DA:88,1
DA:89,1
DA:91,1
DA:93,1
DA:94,1
DA:96,1
DA:97,1
DA:98,1
DA:101,1
DA:103,1
DA:104,1
DA:105,1
DA:106,1
DA:107,1
DA:108,1
DA:109,1
DA:111,1
DA:112,1
DA:113,1
DA:115,1
DA:116,1
DA:117,1
DA:118,1
DA:120,1
DA:121,1
DA:122,1
DA:123,1
DA:125,1
DA:127,1
DA:128,1
DA:129,1
DA:130,1
DA:131,1
DA:132,1
end_of_record
